<?xml version="1.0" encoding="UTF-8"?>
<!-- Generated by org.testng.reporters.JUnitReportReporter -->
<testsuite hostname="QSINBNB342" failures="0" tests="4" name="Code.TC2_ForgotPassword" time="49.068" errors="0" timestamp="2023-08-21T14:54:38 IST" skipped="0">
  <testcase classname="Code.TC2_ForgotPassword" name="resetPasswordWithRegisteredEmailId" time="12.572"/>
  <system-out/>
  <testcase classname="Code.TC2_ForgotPassword" name="VerifyLogInButton" time="10.948"/>
  <system-out/>
  <testcase classname="Code.TC2_ForgotPassword" name="resetPasswordWithUnRegisteredEmailId" time="17.264"/>
  <system-out/>
  <testcase classname="Code.TC2_ForgotPassword" name="resetPasswordWithEmptyEmailId" time="8.284"/>
  <system-out/>
</testsuite> <!-- Code.TC2_ForgotPassword -->
