<?xml version="1.0" encoding="UTF-8"?>
<!-- Generated by org.testng.reporters.JUnitReportReporter -->
<testsuite hostname="QSINBNB342" failures="0" tests="2" name="Code.TC1_Login" time="78.763" errors="0" timestamp="2023-09-13T12:07:03 IST" skipped="0">
  <testcase classname="Code.TC1_Login" name="loginWithValidCredential" time="40.251"/>
  <system-out/>
  <testcase classname="Code.TC1_Login" name="loginWithValidCredential" time="38.512"/>
  <system-out/>
</testsuite> <!-- Code.TC1_Login -->
