<?xml version="1.0" encoding="UTF-8"?>
<!-- Generated by org.testng.reporters.JUnitReportReporter -->
<testsuite hostname="QSINBNB342" failures="0" tests="1" name="Code.Demo" time="24.630" errors="0" timestamp="2023-08-21T13:28:07 IST" skipped="0">
  <testcase classname="Code.Demo" name="Portal" time="24.630"/>
  <system-out/>
</testsuite> <!-- Code.Demo -->
