<?xml version="1.0" encoding="UTF-8"?>
<!-- Generated by org.testng.reporters.JUnitReportReporter -->
<testsuite hostname="QSINBNB342" failures="0" tests="2" name="Code.TC3_SignUp" time="57.941" errors="0" timestamp="2023-09-05T15:11:54 IST" skipped="0">
  <testcase classname="Code.TC3_SignUp" name="signUp1" time="31.293"/>
  <system-out/>
  <testcase classname="Code.TC3_SignUp" name="signUp2" time="26.648"/>
  <system-out/>
</testsuite> <!-- Code.TC3_SignUp -->
