<?xml version="1.0" encoding="UTF-8"?>
<!-- Generated by org.testng.reporters.JUnitReportReporter -->
<testsuite hostname="QSINBNB342" failures="0" tests="2" name="Code.TC1_Login" time="35.179" errors="0" timestamp="2023-09-14T23:22:13 IST" skipped="0">
  <testcase classname="Code.TC1_Login" name="loginWithValidCredential" time="16.168"/>
  <testcase classname="Code.TC1_Login" name="loginWithValidCredential" time="19.011"/>
</testsuite> <!-- Code.TC1_Login -->
