<?xml version="1.0" encoding="UTF-8"?>
<!-- Generated by org.testng.reporters.JUnitReportReporter -->
<testsuite hostname="QSINBNB342" failures="0" tests="4" name="Code.TC2_ForgotPassword" time="37.967" errors="0" timestamp="2023-09-13T13:39:29 IST" skipped="0">
  <testcase classname="Code.TC2_ForgotPassword" name="resetPasswordWithRegisteredEmailId" time="8.869"/>
  <testcase classname="Code.TC2_ForgotPassword" name="resetPasswordWithEmptyEmailId" time="8.760"/>
  <testcase classname="Code.TC2_ForgotPassword" name="resetPasswordWithUnRegisteredEmailId" time="10.807"/>
  <testcase classname="Code.TC2_ForgotPassword" name="VerifyLogInButton" time="9.531"/>
</testsuite> <!-- Code.TC2_ForgotPassword -->
