<?xml version="1.0" encoding="UTF-8"?>
<!-- Generated by org.testng.reporters.JUnitReportReporter -->
<testsuite hostname="QSINBNB342" failures="0" tests="2" name="Code.TC1_Login" time="31.491" errors="0" timestamp="2023-09-13T13:43:43 IST" skipped="0">
  <testcase classname="Code.TC1_Login" name="loginWithValidCredential" time="15.160"/>
  <testcase classname="Code.TC1_Login" name="loginWithValidCredential" time="16.331"/>
</testsuite> <!-- Code.TC1_Login -->
