<?xml version="1.0" encoding="UTF-8"?>
<!-- Generated by org.testng.reporters.JUnitReportReporter -->
<testsuite hostname="QSINBNB342" failures="0" tests="2" name="Code.TC3_SignUp" time="57.960" errors="0" timestamp="2023-09-13T13:39:29 IST" skipped="0">
  <testcase classname="Code.TC3_SignUp" name="signUp1" time="30.690"/>
  <testcase classname="Code.TC3_SignUp" name="signUp2" time="27.270"/>
</testsuite> <!-- Code.TC3_SignUp -->
